# JRE version: Java(TM) SE Runtime Environment (8.0_271-b09) (build 1.8.0_271-b09)
# Java VM: Java HotSpot(TM) 64-Bit Server VM (25.271-b09 mixed mode windows-amd64 compressed oops)
Heap:
 PSYoungGen      total 33280K, used 4745K [0x00000000ec180000, 0x00000000ee480000, 0x0000000100000000)
  eden space 30720K, 7% used [0x00000000ec180000,0x00000000ec3aa718,0x00000000edf80000)
  from space 2560K, 98% used [0x00000000ee200000,0x00000000ee478010,0x00000000ee480000)
  to   space 2560K, 0% used [0x00000000edf80000,0x00000000edf80000,0x00000000ee200000)
 ParOldGen       total 40960K, used 13268K [0x00000000c4400000, 0x00000000c6c00000, 0x00000000ec180000)
  object space 40960K, 32% used [0x00000000c4400000,0x00000000c50f5268,0x00000000c6c00000)
 Metaspace       used 9644K, capacity 9860K, committed 9984K, reserved 1058816K
  class space    used 1079K, capacity 1164K, committed 1280K, reserved 1048576K
GC Heap History (4 events):
Event: 35.823 GC heap before
{Heap before GC invocations=1 (full 0):
 PSYoungGen      total 17920K, used 15360K [0x00000000ec180000, 0x00000000ed580000, 0x0000000100000000)
  eden space 15360K, 100% used [0x00000000ec180000,0x00000000ed080000,0x00000000ed080000)
  from space 2560K, 0% used [0x00000000ed300000,0x00000000ed300000,0x00000000ed580000)
  to   space 2560K, 0% used [0x00000000ed080000,0x00000000ed080000,0x00000000ed300000)
 ParOldGen       total 40960K, used 0K [0x00000000c4400000, 0x00000000c6c00000, 0x00000000ec180000)
  object space 40960K, 0% used [0x00000000c4400000,0x00000000c4400000,0x00000000c6c00000)
 Metaspace       used 9261K, capacity 9508K, committed 9600K, reserved 1058816K
  class space    used 1044K, capacity 1132K, committed 1152K, reserved 1048576K
Event: 36.632 GC heap after
Heap after GC invocations=1 (full 0):
 PSYoungGen      total 17920K, used 2560K [0x00000000ec180000, 0x00000000ee480000, 0x0000000100000000)
  eden space 15360K, 0% used [0x00000000ec180000,0x00000000ec180000,0x00000000ed080000)
  from space 2560K, 100% used [0x00000000ed080000,0x00000000ed300000,0x00000000ed300000)
  to   space 2560K, 0% used [0x00000000ee200000,0x00000000ee200000,0x00000000ee480000)
 ParOldGen       total 40960K, used 2964K [0x00000000c4400000, 0x00000000c6c00000, 0x00000000ec180000)
  object space 40960K, 7% used [0x00000000c4400000,0x00000000c46e5380,0x00000000c6c00000)
 Metaspace       used 9261K, capacity 9508K, committed 9600K, reserved 1058816K
  class space    used 1044K, capacity 1132K, committed 1152K, reserved 1048576K
}
Event: 295.208 GC heap before
{Heap before GC invocations=2 (full 0):
 PSYoungGen      total 17920K, used 17920K [0x00000000ec180000, 0x00000000ee480000, 0x0000000100000000)
  eden space 15360K, 100% used [0x00000000ec180000,0x00000000ed080000,0x00000000ed080000)
  from space 2560K, 100% used [0x00000000ed080000,0x00000000ed300000,0x00000000ed300000)
  to   space 2560K, 0% used [0x00000000ee200000,0x00000000ee200000,0x00000000ee480000)
 ParOldGen       total 40960K, used 2964K [0x00000000c4400000, 0x00000000c6c00000, 0x00000000ec180000)
  object space 40960K, 7% used [0x00000000c4400000,0x00000000c46e5380,0x00000000c6c00000)
 Metaspace       used 9644K, capacity 9860K, committed 9984K, reserved 1058816K
  class space    used 1079K, capacity 1164K, committed 1280K, reserved 1048576K
Event: 296.368 GC heap after
Heap after GC invocations=2 (full 0):
 PSYoungGen      total 33280K, used 2528K [0x00000000ec180000, 0x00000000ee480000, 0x0000000100000000)
  eden space 30720K, 0% used [0x00000000ec180000,0x00000000ec180000,0x00000000edf80000)
  from space 2560K, 98% used [0x00000000ee200000,0x00000000ee478010,0x00000000ee480000)
  to   space 2560K, 0% used [0x00000000edf80000,0x00000000edf80000,0x00000000ee200000)
 ParOldGen       total 40960K, used 13268K [0x00000000c4400000, 0x00000000c6c00000, 0x00000000ec180000)
  object space 40960K, 32% used [0x00000000c4400000,0x00000000c50f5268,0x00000000c6c00000)
 Metaspace       used 9644K, capacity 9860K, committed 9984K, reserved 1058816K
  class space    used 1079K, capacity 1164K, committed 1280K, reserved 1048576K
}

